#
# There is insufficient memory for the Java Runtime Environment to continue.
# Native memory allocation (malloc) failed to allocate 535056 bytes for Chunk::new
# Possible reasons:
#   The system is out of physical RAM or swap space
#   The process is running with CompressedOops enabled, and the Java Heap may be blocking the growth of the native heap
# Possible solutions:
#   Reduce memory load on the system
#   Increase physical memory or swap space
#   Check if swap backing store is full
#   Decrease Java heap size (-Xmx/-Xms)
#   Decrease number of Java threads
#   Decrease Java thread stack sizes (-Xss)
#   Set larger code cache with -XX:ReservedCodeCacheSize=
#   JVM is running with Unscaled Compressed Oops mode in which the Java heap is
#     placed in the first 4GB address space. The Java Heap base address is the
#     maximum limit for the native heap growth. Please use -XX:HeapBaseMinAddress
#     to set the Java Heap base and to place the Java Heap above 4GB virtual address.
# This output file may be truncated or incomplete.
#
#  Out of Memory Error (t:/workspace/hotspot/src/share/vm/memory/allocation.cpp:372), pid=8412, tid=196
#
# JRE version: Java(TM) SE Runtime Environment (9.0+11) (build 9.0.1+11)
# Java VM: Java HotSpot(TM) 64-Bit Server VM (9.0.1+11, mixed mode, tiered, compressed oops, g1 gc, windows-amd64)
# No core dump will be written. Minidumps are not enabled by default on client versions of Windows
#

---------------  S U M M A R Y ------------

Command Line: -Dmaven.multiModuleProjectDirectory=C:\Users\Admin\java_workspace\invoices-project -Dmaven.home=C:\Program Files\JetBrains\IntelliJ IDEA 2017.2.5\plugins\maven\lib\maven3 -Dclassworlds.conf=C:\Program Files\JetBrains\IntelliJ IDEA 2017.2.5\plugins\maven\lib\maven3\bin\m2.conf -javaagent:C:\Program Files\JetBrains\IntelliJ IDEA 2017.2.5\lib\idea_rt.jar=60077:C:\Program Files\JetBrains\IntelliJ IDEA 2017.2.5\bin -Dfile.encoding=UTF-8 org.codehaus.classworlds.Launcher -Didea.version=2017.2.5 tomcat7:run

Host: Intel(R) Core(TM) i3-4010U CPU @ 1.70GHz, 4 cores, 3G,  Windows 8.1 , 64 bit Build 9600 (6.3.9600.17415)
Time: Tue Jan 02 21:45:03 2018 ?rodkowoeuropejski czas stand. elapsed time: 270 seconds (0d 0h 4m 30s)

---------------  T H R E A D  ---------------

Current thread (0x00000050d06a3800):  JavaThread "C2 CompilerThread0" daemon [_thread_in_native, id=196, stack(0x00000050d0e30000,0x00000050d0f30000)]


Current CompileTask:
C2: 270006 4096       4       java.nio.file.Files::readAttributes (11 bytes)

Stack: [0x00000050d0e30000,0x00000050d0f30000]
Native frames: (J=compiled Java code, j=interpreted, Vv=VM code, C=native code)
V  [jvm.dll+0x5870b8]
V  [jvm.dll+0x69c0ee]
V  [jvm.dll+0x69d00a]
V  [jvm.dll+0x69d643]
V  [jvm.dll+0x21d148]
V  [jvm.dll+0xa7c6c]
V  [jvm.dll+0xa85ac]
V  [jvm.dll+0x320ef5]
V  [jvm.dll+0x17b74c]
V  [jvm.dll+0x1e9acd]
V  [jvm.dll+0x1e8c66]
V  [jvm.dll+0x1691bb]
V  [jvm.dll+0x1f64f0]
V  [jvm.dll+0x1f5176]
V  [jvm.dll+0x66b2df]
V  [jvm.dll+0x5864e0]
C  [msvcr120.dll+0x24f7f]
C  [msvcr120.dll+0x25126]
C  [KERNEL32.DLL+0x13d2]
C  [ntdll.dll+0x154f4]


---------------  P R O C E S S  ---------------

Java Threads: ( => current thread )
  0x00000050d13e4800 JavaThread "Service Thread" daemon [_thread_blocked, id=8520, stack(0x00000050d1840000,0x00000050d1940000)]
  0x00000050d07d0000 JavaThread "Common-Cleaner" daemon [_thread_blocked, id=9144, stack(0x00000050d1230000,0x00000050d1330000)]
  0x00000050d0711000 JavaThread "Sweeper thread" daemon [_thread_blocked, id=8932, stack(0x00000050d1130000,0x00000050d1230000)]
  0x00000050d0707000 JavaThread "C1 CompilerThread2" daemon [_thread_blocked, id=9024, stack(0x00000050d1030000,0x00000050d1130000)]
  0x00000050d06fe000 JavaThread "C2 CompilerThread1" daemon [_thread_in_native, id=1896, stack(0x00000050d0f30000,0x00000050d1030000)]
=>0x00000050d06a3800 JavaThread "C2 CompilerThread0" daemon [_thread_in_native, id=196, stack(0x00000050d0e30000,0x00000050d0f30000)]
  0x00000050d069f000 JavaThread "Attach Listener" daemon [_thread_blocked, id=6012, stack(0x00000050d0d30000,0x00000050d0e30000)]
  0x00000050d06fb800 JavaThread "Signal Dispatcher" daemon [_thread_blocked, id=980, stack(0x00000050d0c30000,0x00000050d0d30000)]
  0x00000050d06ad000 JavaThread "Finalizer" daemon [_thread_blocked, id=8980, stack(0x00000050d0a30000,0x00000050d0b30000)]
  0x00000050d06aa800 JavaThread "Reference Handler" daemon [_thread_blocked, id=8992, stack(0x00000050d0930000,0x00000050d0a30000)]
  0x00000050af086800 JavaThread "main" [_thread_blocked, id=7808, stack(0x00000050b08d0000,0x00000050b09d0000)]

Other Threads:
  0x00000050d0696000 VMThread "VM Thread" [stack: 0x00000050d0830000,0x00000050d0930000] [id=3412]
  0x00000050d13ea000 WatcherThread [stack: 0x00000050d1940000,0x00000050d1a40000] [id=8748]
  0x00000050af0a0000 GCTaskThread "GC Thread#0" [stack: 0x00000050ca230000,0x00000050ca330000] [id=8128]
  0x00000050af0a1800 GCTaskThread "GC Thread#1" [stack: 0x00000050ca330000,0x00000050ca430000] [id=7252]
  0x00000050af0a4000 GCTaskThread "GC Thread#2" [stack: 0x00000050ca430000,0x00000050ca530000] [id=4428]
  0x00000050af0a7000 GCTaskThread "GC Thread#3" [stack: 0x00000050ca530000,0x00000050ca630000] [id=8868]
  0x00000050af0f1000 ConcurrentGCThread "G1 Main Marker" [stack: 0x00000050cd6f0000,0x00000050cd7f0000] [id=3668]
  0x00000050af0f2000 ConcurrentGCThread "G1 Marker#0" [stack: 0x00000050cd7f0000,0x00000050cd8f0000] [id=7108]
  0x00000050af0b9800 ConcurrentGCThread "G1 Refine#0" [stack: 0x00000050cad80000,0x00000050cae80000] [id=4896]
  0x00000050af0b8800 ConcurrentGCThread "G1 Refine#1" [stack: 0x00000050cac80000,0x00000050cad80000] [id=8968]
  0x00000050af0b7800 ConcurrentGCThread "G1 Refine#2" [stack: 0x00000050cab80000,0x00000050cac80000] [id=7128]
  0x00000050af0b4000 ConcurrentGCThread "G1 Refine#3" [stack: 0x00000050caa80000,0x00000050cab80000] [id=7080]
  0x00000050af0ba800 ConcurrentGCThread "G1 Young RemSet Sampling" [stack: 0x00000050cae80000,0x00000050caf80000] [id=7572]

Threads with active compile tasks:
C1 CompilerThread24343       3       com.sun.tools.javac.comp.Attr::checkIdInternal (697 bytes)
C2 CompilerThread14261   !   4       java.nio.file.FileTreeWalker::next (144 bytes)
C2 CompilerThread04096       4       java.nio.file.Files::readAttributes (11 bytes)

VM state:at safepoint (normal execution)

VM Mutex/Monitor currently owned by a thread:  ([mutex/lock_event])
[0x00000050af085600] Threads_lock - owner thread: 0x00000050d0696000
[0x00000050af085b10] Heap_lock - owner thread: 0x00000050d0707000
[0x00000050af085330] MethodData_lock - owner thread: 0x00000050d0707000

Heap address: 0x00000000c1c00000, size: 996 MB, Compressed Oops mode: 32-bit
Narrow klass base: 0x0000000000000000, Narrow klass shift: 3
Compressed class space size: 1073741824 Address: 0x0000000100000000

Heap:
 garbage-first heap   total 79872K, used 20301K [0x00000000c1c00000, 0x00000000c1d00270, 0x0000000100000000)
  region size 1024K, 6 young (6144K), 6 survivors (6144K)
 Metaspace       used 29194K, capacity 30006K, committed 30080K, reserved 1083392K
  class space    used 3192K, capacity 3389K, committed 3456K, reserved 1048576K
Heap Regions: E=young(eden), S=young(survivor), O=old, HS=humongous(starts), HC=humongous(continues), CS=collection set, F=free, A=archive, TS=gc time stamp, AC=allocation context, TAMS=top-at-mark-start (previous, next)
|   0|0x00000000c1c00000, 0x00000000c1d00000, 0x00000000c1d00000|100%| O|  |TS  0|AC  0|TAMS 0x00000000c1d00000, 0x00000000c1d00000|
|   1|0x00000000c1d00000, 0x00000000c1e00000, 0x00000000c1e00000|100%| O|  |TS  0|AC  0|TAMS 0x00000000c1e00000, 0x00000000c1e00000|
|   2|0x00000000c1e00000, 0x00000000c1f00000, 0x00000000c1f00000|100%| O|  |TS  0|AC  0|TAMS 0x00000000c1f00000, 0x00000000c1f00000|
|   3|0x00000000c1f00000, 0x00000000c2000000, 0x00000000c2000000|100%| O|  |TS  0|AC  0|TAMS 0x00000000c2000000, 0x00000000c2000000|
|   4|0x00000000c2000000, 0x00000000c2100000, 0x00000000c2100000|100%| O|  |TS  0|AC  0|TAMS 0x00000000c2100000, 0x00000000c2100000|
|   5|0x00000000c2100000, 0x00000000c2200000, 0x00000000c2200000|100%| O|  |TS  0|AC  0|TAMS 0x00000000c2200000, 0x00000000c2200000|
|   6|0x00000000c2200000, 0x00000000c2300000, 0x00000000c2300000|100%| O|  |TS  0|AC  0|TAMS 0x00000000c2300000, 0x00000000c2300000|
|   7|0x00000000c2300000, 0x00000000c2400000, 0x00000000c2400000|100%| O|  |TS  1|AC  0|TAMS 0x00000000c2356000, 0x00000000c2400000|
|   8|0x00000000c2400000, 0x00000000c2500000, 0x00000000c2500000|100%| O|  |TS  3|AC  0|TAMS 0x00000000c2400000, 0x00000000c2500000|
|   9|0x00000000c2500000, 0x00000000c2600000, 0x00000000c2600000|100%| O|  |TS  3|AC  0|TAMS 0x00000000c2500000, 0x00000000c2600000|
|  10|0x00000000c2600000, 0x00000000c2700000, 0x00000000c2700000|100%| O|  |TS  3|AC  0|TAMS 0x00000000c2600000, 0x00000000c2700000|
|  11|0x00000000c2700000, 0x00000000c2800000, 0x00000000c2800000|100%| O|  |TS  3|AC  0|TAMS 0x00000000c2700000, 0x00000000c2800000|
|  12|0x00000000c2800000, 0x00000000c2900000, 0x00000000c2900000|100%| O|  |TS  3|AC  0|TAMS 0x00000000c2800000, 0x00000000c2900000|
|  13|0x00000000c2900000, 0x00000000c2a00000, 0x00000000c2a00000|100%| O|  |TS  3|AC  0|TAMS 0x00000000c2900000, 0x00000000c2a00000|
|  14|0x00000000c2a00000, 0x00000000c2a62600, 0x00000000c2b00000| 38%| O|  |TS  3|AC  0|TAMS 0x00000000c2a00000, 0x00000000c2a62600|
|  15|0x00000000c2b00000, 0x00000000c2b00000, 0x00000000c2c00000|  0%| F|  |TS  0|AC  0|TAMS 0x00000000c2b00000, 0x00000000c2b00000|
|  16|0x00000000c2c00000, 0x00000000c2c00000, 0x00000000c2d00000|  0%| F|  |TS  0|AC  0|TAMS 0x00000000c2c00000, 0x00000000c2c00000|
|  17|0x00000000c2d00000, 0x00000000c2d00000, 0x00000000c2e00000|  0%| F|  |TS  0|AC  0|TAMS 0x00000000c2d00000, 0x00000000c2d00000|
|  18|0x00000000c2e00000, 0x00000000c2e00000, 0x00000000c2f00000|  0%| F|  |TS  0|AC  0|TAMS 0x00000000c2e00000, 0x00000000c2e00000|
|  19|0x00000000c2f00000, 0x00000000c2f00000, 0x00000000c3000000|  0%| F|  |TS  0|AC  0|TAMS 0x00000000c2f00000, 0x00000000c2f00000|
|  20|0x00000000c3000000, 0x00000000c3000000, 0x00000000c3100000|  0%| F|  |TS  0|AC  0|TAMS 0x00000000c3000000, 0x00000000c3000000|
|  21|0x00000000c3100000, 0x00000000c3100000, 0x00000000c3200000|  0%| F|  |TS  0|AC  0|TAMS 0x00000000c3100000, 0x00000000c3100000|
|  22|0x00000000c3200000, 0x00000000c3200000, 0x00000000c3300000|  0%| F|  |TS  0|AC  0|TAMS 0x00000000c3200000, 0x00000000c3200000|
|  23|0x00000000c3300000, 0x00000000c3300000, 0x00000000c3400000|  0%| F|  |TS  0|AC  0|TAMS 0x00000000c3300000, 0x00000000c3300000|
|  24|0x00000000c3400000, 0x00000000c3400000, 0x00000000c3500000|  0%| F|  |TS  0|AC  0|TAMS 0x00000000c3400000, 0x00000000c3400000|
|  25|0x00000000c3500000, 0x00000000c3500000, 0x00000000c3600000|  0%| F|  |TS  0|AC  0|TAMS 0x00000000c3500000, 0x00000000c3500000|
|  26|0x00000000c3600000, 0x00000000c3600000, 0x00000000c3700000|  0%| F|  |TS  3|AC  0|TAMS 0x00000000c3600000, 0x00000000c3600000|
|  27|0x00000000c3700000, 0x00000000c3700000, 0x00000000c3800000|  0%| F|  |TS  3|AC  0|TAMS 0x00000000c3700000, 0x00000000c3700000|
|  28|0x00000000c3800000, 0x00000000c3800000, 0x00000000c3900000|  0%| F|  |TS  3|AC  0|TAMS 0x00000000c3800000, 0x00000000c3800000|
|  29|0x00000000c3900000, 0x00000000c3900000, 0x00000000c3a00000|  0%| F|  |TS  3|AC  0|TAMS 0x00000000c3900000, 0x00000000c3900000|
|  30|0x00000000c3a00000, 0x00000000c3a00000, 0x00000000c3b00000|  0%| F|  |TS  3|AC  0|TAMS 0x00000000c3a00000, 0x00000000c3a00000|
|  31|0x00000000c3b00000, 0x00000000c3b00000, 0x00000000c3c00000|  0%| F|  |TS  3|AC  0|TAMS 0x00000000c3b00000, 0x00000000c3b00000|
|  32|0x00000000c3c00000, 0x00000000c3c00000, 0x00000000c3d00000|  0%| F|  |TS  1|AC  0|TAMS 0x00000000c3c00000, 0x00000000c3c00000|
|  33|0x00000000c3d00000, 0x00000000c3d00000, 0x00000000c3e00000|  0%| F|  |TS  1|AC  0|TAMS 0x00000000c3d00000, 0x00000000c3d00000|
|  34|0x00000000c3e00000, 0x00000000c3e00000, 0x00000000c3f00000|  0%| F|  |TS  1|AC  0|TAMS 0x00000000c3e00000, 0x00000000c3e00000|
|  35|0x00000000c3f00000, 0x00000000c3f00000, 0x00000000c4000000|  0%| F|  |TS  1|AC  0|TAMS 0x00000000c3f00000, 0x00000000c3f00000|
|  36|0x00000000c4000000, 0x00000000c4000000, 0x00000000c4100000|  0%| F|  |TS  1|AC  0|TAMS 0x00000000c4000000, 0x00000000c4000000|
|  37|0x00000000c4100000, 0x00000000c4100000, 0x00000000c4200000|  0%| F|  |TS  1|AC  0|TAMS 0x00000000c4100000, 0x00000000c4100000|
|  38|0x00000000c4200000, 0x00000000c4200000, 0x00000000c4300000|  0%| F|  |TS  1|AC  0|TAMS 0x00000000c4200000, 0x00000000c4200000|
|  39|0x00000000c4300000, 0x00000000c4300000, 0x00000000c4400000|  0%| F|  |TS  1|AC  0|TAMS 0x00000000c4300000, 0x00000000c4300000|
|  40|0x00000000c4400000, 0x00000000c4400000, 0x00000000c4500000|  0%| F|  |TS  1|AC  0|TAMS 0x00000000c4400000, 0x00000000c4400000|
|  41|0x00000000c4500000, 0x00000000c4500000, 0x00000000c4600000|  0%| F|  |TS  1|AC  0|TAMS 0x00000000c4500000, 0x00000000c4500000|
|  42|0x00000000c4600000, 0x00000000c4600000, 0x00000000c4700000|  0%| F|  |TS  1|AC  0|TAMS 0x00000000c4600000, 0x00000000c4600000|
|  43|0x00000000c4700000, 0x00000000c4700000, 0x00000000c4800000|  0%| F|  |TS  1|AC  0|TAMS 0x00000000c4700000, 0x00000000c4700000|
|  44|0x00000000c4800000, 0x00000000c48710b0, 0x00000000c4900000| 44%| S|  |TS  3|AC  0|TAMS 0x00000000c4800000, 0x00000000c4800000|
|  45|0x00000000c4900000, 0x00000000c4a00000, 0x00000000c4a00000|100%| S|  |TS  3|AC  0|TAMS 0x00000000c4900000, 0x00000000c4900000|
|  46|0x00000000c4a00000, 0x00000000c4b00000, 0x00000000c4b00000|100%| S|  |TS  3|AC  0|TAMS 0x00000000c4a00000, 0x00000000c4a00000|
|  47|0x00000000c4b00000, 0x00000000c4c00000, 0x00000000c4c00000|100%| S|  |TS  3|AC  0|TAMS 0x00000000c4b00000, 0x00000000c4b00000|
|  48|0x00000000c4c00000, 0x00000000c4d00000, 0x00000000c4d00000|100%| S|  |TS  3|AC  0|TAMS 0x00000000c4c00000, 0x00000000c4c00000|
|  49|0x00000000c4d00000, 0x00000000c4e00000, 0x00000000c4e00000|100%| S|  |TS  3|AC  0|TAMS 0x00000000c4d00000, 0x00000000c4d00000|
|  50|0x00000000c4e00000, 0x00000000c4e00000, 0x00000000c4f00000|  0%| F|  |TS  3|AC  0|TAMS 0x00000000c4e00000, 0x00000000c4e00000|
|  51|0x00000000c4f00000, 0x00000000c4f00000, 0x00000000c5000000|  0%| F|  |TS  3|AC  0|TAMS 0x00000000c4f00000, 0x00000000c4f00000|
|  52|0x00000000c5000000, 0x00000000c5000000, 0x00000000c5100000|  0%| F|  |TS  3|AC  0|TAMS 0x00000000c5000000, 0x00000000c5000000|
|  53|0x00000000c5100000, 0x00000000c5100000, 0x00000000c5200000|  0%| F|  |TS  3|AC  0|TAMS 0x00000000c5100000, 0x00000000c5100000|
|  54|0x00000000c5200000, 0x00000000c5200000, 0x00000000c5300000|  0%| F|  |TS  3|AC  0|TAMS 0x00000000c5200000, 0x00000000c5200000|
|  55|0x00000000c5300000, 0x00000000c5300000, 0x00000000c5400000|  0%| F|  |TS  3|AC  0|TAMS 0x00000000c5300000, 0x00000000c5300000|
|  56|0x00000000c5400000, 0x00000000c5400000, 0x00000000c5500000|  0%| F|  |TS  3|AC  0|TAMS 0x00000000c5400000, 0x00000000c5400000|
|  57|0x00000000c5500000, 0x00000000c5500000, 0x00000000c5600000|  0%| F|  |TS  3|AC  0|TAMS 0x00000000c5500000, 0x00000000c5500000|
|  58|0x00000000c5600000, 0x00000000c5600000, 0x00000000c5700000|  0%| F|  |TS  3|AC  0|TAMS 0x00000000c5600000, 0x00000000c5600000|
|  59|0x00000000c5700000, 0x00000000c5700000, 0x00000000c5800000|  0%| F|  |TS  3|AC  0|TAMS 0x00000000c5700000, 0x00000000c5700000|
|  60|0x00000000c5800000, 0x00000000c5800000, 0x00000000c5900000|  0%| F|  |TS  3|AC  0|TAMS 0x00000000c5800000, 0x00000000c5800000|
|  61|0x00000000c5900000, 0x00000000c5900000, 0x00000000c5a00000|  0%| F|  |TS  3|AC  0|TAMS 0x00000000c5900000, 0x00000000c5900000|
|  62|0x00000000c5a00000, 0x00000000c5a00000, 0x00000000c5b00000|  0%| F|  |TS  3|AC  0|TAMS 0x00000000c5a00000, 0x00000000c5a00000|
|  63|0x00000000c5b00000, 0x00000000c5b00000, 0x00000000c5c00000|  0%| F|  |TS  3|AC  0|TAMS 0x00000000c5b00000, 0x00000000c5b00000|
|  64|0x00000000c5c00000, 0x00000000c5c00000, 0x00000000c5d00000|  0%| F|  |TS  3|AC  0|TAMS 0x00000000c5c00000, 0x00000000c5c00000|
|  65|0x00000000c5d00000, 0x00000000c5d00000, 0x00000000c5e00000|  0%| F|  |TS  3|AC  0|TAMS 0x00000000c5d00000, 0x00000000c5d00000|
|  66|0x00000000c5e00000, 0x00000000c5e00000, 0x00000000c5f00000|  0%| F|  |TS  3|AC  0|TAMS 0x00000000c5e00000, 0x00000000c5e00000|
|  67|0x00000000c5f00000, 0x00000000c5f00000, 0x00000000c6000000|  0%| F|  |TS  3|AC  0|TAMS 0x00000000c5f00000, 0x00000000c5f00000|
|  68|0x00000000c6000000, 0x00000000c6000000, 0x00000000c6100000|  0%| F|  |TS  3|AC  0|TAMS 0x00000000c6000000, 0x00000000c6000000|
|  69|0x00000000c6100000, 0x00000000c6100000, 0x00000000c6200000|  0%| F|  |TS  3|AC  0|TAMS 0x00000000c6100000, 0x00000000c6100000|
|  70|0x00000000c6200000, 0x00000000c6200000, 0x00000000c6300000|  0%| F|  |TS  3|AC  0|TAMS 0x00000000c6200000, 0x00000000c6200000|
|  71|0x00000000c6300000, 0x00000000c6300000, 0x00000000c6400000|  0%| F|  |TS  3|AC  0|TAMS 0x00000000c6300000, 0x00000000c6300000|
|  72|0x00000000c6400000, 0x00000000c6400000, 0x00000000c6500000|  0%| F|  |TS  3|AC  0|TAMS 0x00000000c6400000, 0x00000000c6400000|
|  73|0x00000000c6500000, 0x00000000c6500000, 0x00000000c6600000|  0%| F|  |TS  3|AC  0|TAMS 0x00000000c6500000, 0x00000000c6500000|
|  74|0x00000000c6600000, 0x00000000c6600000, 0x00000000c6700000|  0%| F|  |TS  3|AC  0|TAMS 0x00000000c6600000, 0x00000000c6600000|
|  75|0x00000000c6700000, 0x00000000c6700000, 0x00000000c6800000|  0%| F|  |TS  3|AC  0|TAMS 0x00000000c6700000, 0x00000000c6700000|
|  76|0x00000000c6800000, 0x00000000c6800000, 0x00000000c6900000|  0%| F|  |TS  3|AC  0|TAMS 0x00000000c6800000, 0x00000000c6800000|
|  77|0x00000000c6900000, 0x00000000c6900000, 0x00000000c6a00000|  0%| F|  |TS  3|AC  0|TAMS 0x00000000c6900000, 0x00000000c6900000|

Card table byte_map: [0x00000050cb380000,0x00000050cb580000] byte_map_base: 0x00000050cad72000

Marking Bits (Prev, Next): (CMBitMap*) 0x00000050af0f05e8, (CMBitMap*) 0x00000050af0f05b0
 Prev Bits: [0x00000050cc710000, 0x00000050cd6a0000)
 Next Bits: [0x00000050cb780000, 0x00000050cc710000)

Polling page: 0x00000050af160000

CodeHeap 'non-profiled nmethods': size=120064Kb used=2230Kb max_used=2230Kb free=117833Kb
 bounds [0x00000050c2b00000, 0x00000050c2d70000, 0x00000050ca040000]
CodeHeap 'profiled nmethods': size=120000Kb used=9984Kb max_used=9984Kb free=110016Kb
 bounds [0x00000050bb5d0000, 0x00000050bbf90000, 0x00000050c2b00000]
CodeHeap 'non-nmethods': size=5696Kb used=1270Kb max_used=1312Kb free=4425Kb
 bounds [0x00000050bb040000, 0x00000050bb2b0000, 0x00000050bb5d0000]
 total_blobs=5785 nmethods=4335 adapters=360
 compilation: enabled

Compilation events (10 events):
Event: 269.556 Thread 0x00000050d0707000 nmethod 4335 0x00000050c2d2b210 code [0x00000050c2d2b3e0, 0x00000050c2d2b630]
Event: 269.556 Thread 0x00000050d0707000 4336       3       com.sun.tools.javac.file.PathFileObject$JarFileObject::<init> (12 bytes)
Event: 269.556 Thread 0x00000050d0707000 nmethod 4336 0x00000050c2d2b710 code [0x00000050c2d2b8c0, 0x00000050c2d2bad0]
Event: 269.556 Thread 0x00000050d0707000 4340       3       com.sun.tools.javac.file.JavacFileManager$ArchiveContainer::list (64 bytes)
Event: 269.557 Thread 0x00000050d0707000 nmethod 4340 0x00000050c2d2bb90 code [0x00000050c2d2bde0, 0x00000050c2d2c8d0]
Event: 269.559 Thread 0x00000050d0707000 4341       1       java.util.stream.AbstractPipeline::isParallel (8 bytes)
Event: 269.559 Thread 0x00000050d0707000 nmethod 4341 0x00000050c2d2cc10 code [0x00000050c2d2cdc0, 0x00000050c2d2ced8]
Event: 269.559 Thread 0x00000050d0707000 4342       3       com.sun.tools.javac.comp.Attr::checkId (59 bytes)
Event: 269.560 Thread 0x00000050d0707000 nmethod 4342 0x00000050c2d2cf90 code [0x00000050c2d2d1a0, 0x00000050c2d2d8a0]
Event: 269.560 Thread 0x00000050d0707000 4343       3       com.sun.tools.javac.comp.Attr::checkIdInternal (697 bytes)

GC Heap History (10 events):
Event: 1.626 GC heap after
{Heap after GC invocations=3 (full 0):
 garbage-first heap   total 65536K, used 7030K [0x00000000c1c00000, 0x00000000c1d00200, 0x0000000100000000)
  region size 1024K, 3 young (3072K), 3 survivors (3072K)
 Metaspace       used 13454K, capacity 13800K, committed 14080K, reserved 1062912K
  class space    used 1407K, capacity 1470K, committed 1536K, reserved 1048576K
}
Event: 2.744 GC heap before
{Heap before GC invocations=3 (full 0):
 garbage-first heap   total 65536K, used 41846K [0x00000000c1c00000, 0x00000000c1d00200, 0x0000000100000000)
  region size 1024K, 37 young (37888K), 3 survivors (3072K)
 Metaspace       used 18414K, capacity 18846K, committed 19072K, reserved 1067008K
  class space    used 2027K, capacity 2137K, committed 2176K, reserved 1048576K
}
Event: 2.762 GC heap after
{Heap after GC invocations=4 (full 0):
 garbage-first heap   total 65536K, used 10661K [0x00000000c1c00000, 0x00000000c1d00200, 0x0000000100000000)
  region size 1024K, 5 young (5120K), 5 survivors (5120K)
 Metaspace       used 18414K, capacity 18846K, committed 19072K, reserved 1067008K
  class space    used 2027K, capacity 2137K, committed 2176K, reserved 1048576K
}
Event: 7.233 GC heap before
{Heap before GC invocations=4 (full 0):
 garbage-first heap   total 65536K, used 39333K [0x00000000c1c00000, 0x00000000c1d00200, 0x0000000100000000)
  region size 1024K, 33 young (33792K), 5 survivors (5120K)
 Metaspace       used 20141K, capacity 20610K, committed 20736K, reserved 1067008K
  class space    used 2167K, capacity 2271K, committed 2304K, reserved 1048576K
}
Event: 7.248 GC heap after
{Heap after GC invocations=5 (full 0):
 garbage-first heap   total 79872K, used 10790K [0x00000000c1c00000, 0x00000000c1d00270, 0x0000000100000000)
  region size 1024K, 4 young (4096K), 4 survivors (4096K)
 Metaspace       used 20141K, capacity 20610K, committed 20736K, reserved 1067008K
  class space    used 2167K, capacity 2271K, committed 2304K, reserved 1048576K
}
Event: 9.210 GC heap before
{Heap before GC invocations=5 (full 0):
 garbage-first heap   total 79872K, used 21030K [0x00000000c1c00000, 0x00000000c1d00270, 0x0000000100000000)
  region size 1024K, 15 young (15360K), 4 survivors (4096K)
 Metaspace       used 20596K, capacity 21082K, committed 21296K, reserved 1069056K
  class space    used 2207K, capacity 2343K, committed 2432K, reserved 1048576K
}
Event: 9.238 GC heap after
{Heap after GC invocations=6 (full 0):
 garbage-first heap   total 79872K, used 10509K [0x00000000c1c00000, 0x00000000c1d00270, 0x0000000100000000)
  region size 1024K, 3 young (3072K), 3 survivors (3072K)
 Metaspace       used 20596K, capacity 21082K, committed 21296K, reserved 1069056K
  class space    used 2207K, capacity 2343K, committed 2432K, reserved 1048576K
}
Event: 13.875 GC heap before
{Heap before GC invocations=7 (full 0):
 garbage-first heap   total 79872K, used 54541K [0x00000000c1c00000, 0x00000000c1d00270, 0x0000000100000000)
  region size 1024K, 46 young (47104K), 3 survivors (3072K)
 Metaspace       used 27151K, capacity 27868K, committed 28160K, reserved 1075200K
  class space    used 3024K, capacity 3206K, committed 3328K, reserved 1048576K
}
Event: 13.892 GC heap after
{Heap after GC invocations=8 (full 0):
 garbage-first heap   total 79872K, used 14702K [0x00000000c1c00000, 0x00000000c1d00270, 0x0000000100000000)
  region size 1024K, 6 young (6144K), 6 survivors (6144K)
 Metaspace       used 27151K, capacity 27868K, committed 28160K, reserved 1075200K
  class space    used 3024K, capacity 3206K, committed 3328K, reserved 1048576K
}
Event: 269.561 GC heap before
{Heap before GC invocations=8 (full 0):
 garbage-first heap   total 79872K, used 42350K [0x00000000c1c00000, 0x00000000c1d00270, 0x0000000100000000)
  region size 1024K, 34 young (34816K), 6 survivors (6144K)
 Metaspace       used 29194K, capacity 30006K, committed 30080K, reserved 1081344K
  class space    used 3192K, capacity 3389K, committed 3456K, reserved 1048576K
}

Deoptimization events (10 events):
Event: 12.602 Thread 0x00000050af086800 Uncommon trap: reason=unstable_if action=reinterpret pc=0x00000050c2c92e8c method=com.google.inject.internal.InjectorImpl.callInContext(Lcom/google/inject/internal/ContextualCallable;)Ljava/lang/Object; @ 161 c2
Event: 13.271 Thread 0x00000050af086800 Uncommon trap: reason=bimorphic_or_optimized_type_check action=maybe_recompile pc=0x00000050c2c49950 method=java.lang.ThreadLocal.get()Ljava/lang/Object; @ 6 c2
Event: 13.320 Thread 0x00000050af086800 Uncommon trap: reason=unstable_if action=reinterpret pc=0x00000050c2c6d4c4 method=java.util.jar.Manifest$FastInputStream.readLine([BII)I @ 87 c2
Event: 14.018 Thread 0x00000050af086800 Uncommon trap: reason=bimorphic_or_optimized_type_check action=maybe_recompile pc=0x00000050c2c49950 method=java.lang.ThreadLocal.get()Ljava/lang/Object; @ 6 c2
Event: 14.060 Thread 0x00000050af086800 Uncommon trap: reason=bimorphic_or_optimized_type_check action=maybe_recompile pc=0x00000050c2c49950 method=java.lang.ThreadLocal.get()Ljava/lang/Object; @ 6 c2
Event: 14.084 Thread 0x00000050af086800 Uncommon trap: reason=unstable_if action=reinterpret pc=0x00000050c2c51144 method=java.util.regex.Pattern$BmpCharPropertyGreedy.match(Ljava/util/regex/Matcher;ILjava/lang/CharSequence;)Z @ 73 c2
Event: 14.109 Thread 0x00000050af086800 Uncommon trap: reason=bimorphic_or_optimized_type_check action=maybe_recompile pc=0x00000050c2c49950 method=java.lang.ThreadLocal.get()Ljava/lang/Object; @ 6 c2
Event: 268.276 Thread 0x00000050af086800 Uncommon trap: reason=unstable_if action=reinterpret pc=0x00000050c2cf2794 method=java.util.Arrays.hashCode([B)I @ 1 c2
Event: 268.341 Thread 0x00000050af086800 Uncommon trap: reason=unstable_if action=reinterpret pc=0x00000050c2cf4994 method=java.time.LocalDate.compareTo0(Ljava/time/LocalDate;)I @ 25 c2
Event: 268.350 Thread 0x00000050af086800 Uncommon trap: reason=unstable_if action=reinterpret pc=0x00000050c2cf6d0c method=java.time.LocalDate.plusDays(J)Ljava/time/LocalDate; @ 3 c2

Classes redefined (0 events):
No events

Internal exceptions (10 events):
Event: 269.558 Thread 0x00000050af086800 Exception <a 'java/io/IOException'{0x00000000c4ed3260}> (0x00000000c4ed3260) thrown at [t:/workspace/hotspot/src/share/vm/prims/jni.cpp, line 604]
Event: 269.558 Thread 0x00000050af086800 Exception <a 'java/io/IOException'{0x00000000c4ed38a8}> (0x00000000c4ed38a8) thrown at [t:/workspace/hotspot/src/share/vm/prims/jni.cpp, line 604]
Event: 269.559 Thread 0x00000050af086800 Exception <a 'java/io/IOException'{0x00000000c4eda240}> (0x00000000c4eda240) thrown at [t:/workspace/hotspot/src/share/vm/prims/jni.cpp, line 604]
Event: 269.559 Thread 0x00000050af086800 Exception <a 'java/io/IOException'{0x00000000c4eda888}> (0x00000000c4eda888) thrown at [t:/workspace/hotspot/src/share/vm/prims/jni.cpp, line 604]
Event: 269.560 Thread 0x00000050af086800 Exception <a 'java/io/IOException'{0x00000000c4edfb78}> (0x00000000c4edfb78) thrown at [t:/workspace/hotspot/src/share/vm/prims/jni.cpp, line 604]
Event: 269.560 Thread 0x00000050af086800 Exception <a 'java/io/IOException'{0x00000000c4ee01c0}> (0x00000000c4ee01c0) thrown at [t:/workspace/hotspot/src/share/vm/prims/jni.cpp, line 604]
Event: 269.560 Thread 0x00000050af086800 Exception <a 'java/io/IOException'{0x00000000c4ee56d8}> (0x00000000c4ee56d8) thrown at [t:/workspace/hotspot/src/share/vm/prims/jni.cpp, line 604]
Event: 269.560 Thread 0x00000050af086800 Exception <a 'java/io/IOException'{0x00000000c4ee5d20}> (0x00000000c4ee5d20) thrown at [t:/workspace/hotspot/src/share/vm/prims/jni.cpp, line 604]
Event: 269.560 Thread 0x00000050af086800 Exception <a 'sun/nio/fs/WindowsException'{0x00000000c4ee6948}> (0x00000000c4ee6948) thrown at [t:/workspace/hotspot/src/share/vm/prims/jni.cpp, line 604]
Event: 269.560 Thread 0x00000050af086800 Exception <a 'sun/nio/fs/WindowsException'{0x00000000c4ee6c78}> (0x00000000c4ee6c78) thrown at [t:/workspace/hotspot/src/share/vm/prims/jni.cpp, line 604]

Events (10 events):
Event: 269.476 loading class com/sun/tools/javac/code/Symbol done
Event: 269.526 loading class com/sun/tools/javac/code/Symbol
Event: 269.526 loading class com/sun/tools/javac/code/Symbol done
Event: 269.526 loading class com/sun/tools/javac/comp/Annotate
Event: 269.526 loading class com/sun/tools/javac/comp/Annotate done
Event: 269.527 loading class com/sun/tools/javac/comp/Env
Event: 269.527 loading class com/sun/tools/javac/comp/Env done
Event: 269.528 loading class com/sun/tools/javac/comp/Annotate
Event: 269.528 loading class com/sun/tools/javac/comp/Annotate done
Event: 269.561 Executing VM operation: CollectForMetadataAllocation


Dynamic libraries:
0x00007ff6a60f0000 - 0x00007ff6a612e000 	C:\Program Files\Java\jdk-9.0.1\bin\java.exe
0x00007ffd0bf60000 - 0x00007ffd0c10d000 	C:\Windows\SYSTEM32\ntdll.dll
0x00007ffd09f70000 - 0x00007ffd0a0ae000 	C:\Windows\system32\KERNEL32.DLL
0x00007ffd09440000 - 0x00007ffd09555000 	C:\Windows\system32\KERNELBASE.dll
0x00007ffd0a480000 - 0x00007ffd0a52a000 	C:\Windows\system32\ADVAPI32.dll
0x00007ffd09830000 - 0x00007ffd099a7000 	C:\Windows\system32\USER32.dll
0x00007ffd071a0000 - 0x00007ffd0741b000 	C:\Windows\WinSxS\amd64_microsoft.windows.common-controls_6595b64144ccf1df_6.0.9600.18006_none_623f33d3ecbe86e8\COMCTL32.dll
0x00007ffd06930000 - 0x00007ffd0693a000 	C:\Windows\SYSTEM32\VERSION.dll
0x00007ffd0a3d0000 - 0x00007ffd0a47a000 	C:\Windows\system32\msvcrt.dll
0x00007ffd09d60000 - 0x00007ffd09db9000 	C:\Windows\SYSTEM32\sechost.dll
0x00007ffd0a220000 - 0x00007ffd0a360000 	C:\Windows\system32\RPCRT4.dll
0x00007ffd0a0b0000 - 0x00007ffd0a1fb000 	C:\Windows\system32\GDI32.dll
0x00007ffd095c0000 - 0x00007ffd095ee000 	C:\Windows\system32\SspiCli.dll
0x00007ffd096b0000 - 0x00007ffd096e6000 	C:\Windows\system32\IMM32.DLL
0x00007ffd099c0000 - 0x00007ffd09b11000 	C:\Windows\system32\MSCTF.dll
0x00007ffced310000 - 0x00007ffced3ff000 	C:\Program Files\Java\jdk-9.0.1\bin\msvcr120.dll
0x00007ffceca20000 - 0x00007ffcecac6000 	C:\Program Files\Java\jdk-9.0.1\bin\msvcp120.dll
0x0000000069920000 - 0x000000006a344000 	C:\Program Files\Java\jdk-9.0.1\bin\server\jvm.dll
0x00007ffd06220000 - 0x00007ffd06229000 	C:\Windows\SYSTEM32\WSOCK32.dll
0x00007ffd06fa0000 - 0x00007ffd06fc2000 	C:\Windows\SYSTEM32\WINMM.dll
0x00007ffd099b0000 - 0x00007ffd099b7000 	C:\Windows\system32\PSAPI.DLL
0x00007ffd09b20000 - 0x00007ffd09b7a000 	C:\Windows\system32\WS2_32.dll
0x00007ffd06bf0000 - 0x00007ffd06c1a000 	C:\Windows\SYSTEM32\WINMMBASE.dll
0x00007ffd09820000 - 0x00007ffd09829000 	C:\Windows\system32\NSI.dll
0x00007ffd093f0000 - 0x00007ffd0943f000 	C:\Windows\SYSTEM32\cfgmgr32.dll
0x00007ffd07ed0000 - 0x00007ffd07ef8000 	C:\Windows\SYSTEM32\DEVOBJ.dll
0x00007ffd03700000 - 0x00007ffd0370f000 	C:\Program Files\Java\jdk-9.0.1\bin\verify.dll
0x00007ffcf5a60000 - 0x00007ffcf5a87000 	C:\Program Files\Java\jdk-9.0.1\bin\java.dll
0x00007ffced1f0000 - 0x00007ffced21a000 	C:\Program Files\Java\jdk-9.0.1\bin\instrument.dll
0x00007ffcf7d00000 - 0x00007ffcf7d16000 	C:\Program Files\Java\jdk-9.0.1\bin\zip.dll
0x00007ffcff0d0000 - 0x00007ffcff0da000 	C:\Program Files\Java\jdk-9.0.1\bin\jimage.dll
0x00007ffd0aa30000 - 0x00007ffd0bf59000 	C:\Windows\system32\SHELL32.dll
0x00007ffd0a590000 - 0x00007ffd0a7a2000 	C:\Windows\SYSTEM32\combase.dll
0x00007ffd097c0000 - 0x00007ffd09814000 	C:\Windows\system32\SHLWAPI.dll
0x00007ffd078b0000 - 0x00007ffd07962000 	C:\Windows\SYSTEM32\SHCORE.dll
0x00007ffd09090000 - 0x00007ffd090a5000 	C:\Windows\SYSTEM32\profapi.dll
0x00007ffced590000 - 0x00007ffced5aa000 	C:\Program Files\Java\jdk-9.0.1\bin\net.dll
0x00007ffcfbb00000 - 0x00007ffcfbbc7000 	C:\Windows\SYSTEM32\WINHTTP.dll
0x00007ffd088c0000 - 0x00007ffd08919000 	C:\Windows\system32\mswsock.dll
0x00007ffced570000 - 0x00007ffced581000 	C:\Program Files\Java\jdk-9.0.1\bin\nio.dll
0x00007ffced1d0000 - 0x00007ffced1ea000 	C:\Program Files\JetBrains\IntelliJ IDEA 2017.2.5\bin\breakgen64.dll
0x00007ffcfbec0000 - 0x00007ffcfc049000 	C:\Windows\SYSTEM32\dbghelp.dll

VM Arguments:
jvm_args: -Dmaven.multiModuleProjectDirectory=C:\Users\Admin\java_workspace\invoices-project -Dmaven.home=C:\Program Files\JetBrains\IntelliJ IDEA 2017.2.5\plugins\maven\lib\maven3 -Dclassworlds.conf=C:\Program Files\JetBrains\IntelliJ IDEA 2017.2.5\plugins\maven\lib\maven3\bin\m2.conf -javaagent:C:\Program Files\JetBrains\IntelliJ IDEA 2017.2.5\lib\idea_rt.jar=60077:C:\Program Files\JetBrains\IntelliJ IDEA 2017.2.5\bin -Dfile.encoding=UTF-8 
java_command: org.codehaus.classworlds.Launcher -Didea.version=2017.2.5 tomcat7:run
java_class_path (initial): C:\Program Files\JetBrains\IntelliJ IDEA 2017.2.5\plugins\maven\lib\maven3\boot\plexus-classworlds-2.5.2.jar
Launcher Type: SUN_STANDARD

Logging:
Log output configuration:
#0: stdout all=warning uptime,level,tags
#1: stderr all=off uptime,level,tags

Environment Variables:
JAVA_HOME=C:\Program Files\Java\jdk-9.0.1
PATH=C:\Program Files\Haskell\bin;C:\Program Files\Haskell Platform\8.0.2-a\lib\extralibs\bin;C:\Program Files\Haskell Platform\8.0.2-a\bin;C:\ProgramData\Oracle\Java\javapath;C:\Windows\system32;C:\Windows;C:\Windows\System32\Wbem;C:\Windows\System32\WindowsPowerShell\v1.0\;C:\Windows\system32\config\systemprofile\.dnx\bin;C:\Program Files\Microsoft DNX\Dnvm\;C:\Program Files\Microsoft SQL Server\130\Tools\Binn\;C:\Program Files (x86)\Bitvise SSH Client;C:\Program Files (x86)\Windows Kits\10\Windows Performance Toolkit\;C:\Program Files (x86)\MiKTeX 2.9\miktex\bin\;C:\Program Files\MATLAB\MATLAB Production Server\R2015a\runtime\win64;C:\Program Files\MATLAB\MATLAB Production Server\R2015a\bin;C:\Program Files\MATLAB\MATLAB Production Server\R2015a\polyspace\bin;C:\Program Files (x86)\Skype\Phone\;C:\Program Files\Haskell Platform\8.0.2-a\mingw\bin;C:\Program Files\TortoiseGit\bin;C:\GNAT\2017\bin;C:\Users\Admin\AppData\Roaming\cabal\bin;C:\Users\Admin\AppData\Roaming\local\bin;C:\RailsInstaller\Git\cmd;C:\RailsInstaller\Ruby2.3.0\bin;C:\Program Files\Heroku\bin
USERNAME=Admin
OS=Windows_NT
PROCESSOR_IDENTIFIER=Intel64 Family 6 Model 69 Stepping 1, GenuineIntel



---------------  S Y S T E M  ---------------

OS: Windows 8.1 , 64 bit Build 9600 (6.3.9600.17415)

CPU:total 4 (initial active 4) (2 cores per cpu, 2 threads per core) family 6 model 69 stepping 1, cmov, cx8, fxsr, mmx, sse, sse2, sse3, ssse3, sse4.1, sse4.2, popcnt, avx, avx2, aes, clmul, erms, lzcnt, ht, tsc, tscinvbit, bmi1, bmi2, fma

Memory: 4k page, physical 4074892k(1104664k free), swap 7220620k(1524608k free)

vm_info: Java HotSpot(TM) 64-Bit Server VM (9.0.1+11) for windows-amd64 JRE (9.0.1+11), built on Sep 28 2017 04:54:03 by "mach5one" with MS VC++ 12.0 (VS2013)

END.
